<?xml version="1.0" encoding="UTF-8"?>
<testsuite name="gradleproject.AppTest" tests="1" skipped="0" failures="0" errors="0" timestamp="2023-06-18T15:07:52" hostname="ubuntu1804" time="0.005">
  <properties/>
  <testcase name="testAppHasAGreeting" classname="gradleproject.AppTest" time="0.005"/>
  <system-out><![CDATA[]]></system-out>
  <system-err><![CDATA[]]></system-err>
</testsuite>
